0 info it worked if it ends with ok
1 verbose cli [ '/home/steve/.linuxbrew/Cellar/node/7.7.1_1/bin/node',
1 verbose cli   '/home/steve/.linuxbrew/bin/npm',
1 verbose cli   'run',
1 verbose cli   'dev' ]
2 info using npm@4.1.2
3 info using node@v7.7.1
4 verbose run-script [ 'predev', 'dev', 'postdev' ]
5 info lifecycle voting-app@1.0.0~predev: voting-app@1.0.0
6 silly lifecycle voting-app@1.0.0~predev: no script for predev, continuing
7 info lifecycle voting-app@1.0.0~dev: voting-app@1.0.0
8 verbose lifecycle voting-app@1.0.0~dev: unsafe-perm in lifecycle true
9 verbose lifecycle voting-app@1.0.0~dev: PATH: /home/steve/.linuxbrew/lib/node_modules/npm/bin/node-gyp-bin:/home/steve/FreeCodeCamp/Voting App/node_modules/.bin:/home/steve/.linuxbrew/bin:/home/steve/.dropbox-bin:/home/steve/bin:/home/steve/.local/bin:/usr/local/sbin:/usr/local/bin:/usr/sbin:/usr/bin:/sbin:/bin:/usr/games:/usr/local/games
10 verbose lifecycle voting-app@1.0.0~dev: CWD: /home/steve/FreeCodeCamp/Voting App
11 silly lifecycle voting-app@1.0.0~dev: Args: [ '-c', 'nodemon server.js' ]
12 silly lifecycle voting-app@1.0.0~dev: Returned: code: 1  signal: null
13 info lifecycle voting-app@1.0.0~dev: Failed to exec dev script
14 verbose stack Error: voting-app@1.0.0 dev: `nodemon server.js`
14 verbose stack Exit status 1
14 verbose stack     at EventEmitter.<anonymous> (/home/steve/.linuxbrew/lib/node_modules/npm/lib/utils/lifecycle.js:279:16)
14 verbose stack     at emitTwo (events.js:106:13)
14 verbose stack     at EventEmitter.emit (events.js:194:7)
14 verbose stack     at ChildProcess.<anonymous> (/home/steve/.linuxbrew/lib/node_modules/npm/lib/utils/spawn.js:40:14)
14 verbose stack     at emitTwo (events.js:106:13)
14 verbose stack     at ChildProcess.emit (events.js:194:7)
14 verbose stack     at maybeClose (internal/child_process.js:899:16)
14 verbose stack     at Process.ChildProcess._handle.onexit (internal/child_process.js:226:5)
15 verbose pkgid voting-app@1.0.0
16 verbose cwd /home/steve/FreeCodeCamp/Voting App
17 error Linux 4.4.0-66-generic
18 error argv "/home/steve/.linuxbrew/Cellar/node/7.7.1_1/bin/node" "/home/steve/.linuxbrew/bin/npm" "run" "dev"
19 error node v7.7.1
20 error npm  v4.1.2
21 error code ELIFECYCLE
22 error voting-app@1.0.0 dev: `nodemon server.js`
22 error Exit status 1
23 error Failed at the voting-app@1.0.0 dev script 'nodemon server.js'.
23 error Make sure you have the latest version of node.js and npm installed.
23 error If you do, this is most likely a problem with the voting-app package,
23 error not with npm itself.
23 error Tell the author that this fails on your system:
23 error     nodemon server.js
23 error You can get information on how to open an issue for this project with:
23 error     npm bugs voting-app
23 error Or if that isn't available, you can get their info via:
23 error     npm owner ls voting-app
23 error There is likely additional logging output above.
24 verbose exit [ 1, true ]
